<?xml version="1.0" encoding="UTF-8" ?>
<testsuite tests="21" failures="0" name="cucumberqk.runner.RunnerTest" time="91.165" errors="0" skipped="3">
  <properties>
[...]
</properties>
  <testcase classname="User wants to provide add function for the calculator" name="Add two numbers" time="0.107"/>
  <testcase classname="User wants to provide add function for the calculator" name="Add two given numbers" time="0.058"/>
  <testcase classname="User wants to provide add function for the calculator" name="Addition" time="0.042"/>
  <testcase classname="User wants to provide add function for the calculator" name="Addition" time="0.043"/>
  <testcase classname="User wants to provide add function for the calculator" name="Addition" time="0.047"/>
  <testcase classname="User wants to provide add function for the calculator" name="Addition" time="0.043"/>
  <testcase classname="User wants to provide add function for the calculator" name="Addition" time="0.04"/>
  <testcase classname="User wants to provide add function for the calculator" name="Addition" time="0.065"/>
  <testcase classname="User wants to provide add function for the calculator" name="Addition" time="0.042"/>
  <testcase classname="User wants to provide add function for the calculator" name="Additio" time="0.041"/>
  <testcase classname="User wants to provide add function for the calculator" name="Addition" time="0.043"/>
  <testcase classname="User wants to provide add function for the calculator" name="Addition" time="0.047"/>
  <testcase classname="User wants to provide add function for the calculator" name="Addition" time="0.044"/>
  <testcase classname="User wants to provide add function for the calculator" name="Addition" time="0.044"/>
  <testcase classname="User wants to provide add function for the calculator" name="EMPTY_NAME" time="0.217"/>
  <testcase classname="Google Searching" name="Simple Google searc" time="18.042"/>
  <testcase classname="Google Searching" name="Simple Google search" time="15.844"/>
  <testcase classname="Google Searching" name="Simple Google search" time="15.918"/>
  <testcase classname="Google Searching" name="Simple Google Search" time="13.057">
    <skipped/>
    <system-out>
  Scenario Outline: Simple Google Search # src/test/java/cucumberqk/featurefiles/googlesearch.feature:17
    When the search phrase &quot;&lt;phrase&gt;&quot; is entered
    Then result for &quot;&lt;result&gt;&quot; are shown

    Examples: search results

  Background:                                 # src/test/java/cucumberqk/featurefiles/googlesearch.feature:3
    Given a web browser is on the Google page # GoogleSteps.a_web_browser_is_on_the_Google_page()

  Scenario Outline: Simple Google Search      # src/test/java/cucumberqk/featurefiles/googlesearch.feature:24
search parameter=cpaat
    When the search phrase &quot;cpaat&quot; is entered # GoogleSteps.the_search_phrase_is_entered(String)
    Then result for &quot;cp-aat&quot; are shown        # null
</system-out>
    <system-err>Starting ChromeDriver 73.0.3683.68 (47787ec04b6e38e22703e856e101e840b65afe72) on port 35142
Only local connections are allowed.
Please protect ports used by ChromeDriver and related test frameworks to prevent access by malicious code.
Feb 01, 2020 4:09:29 PM org.openqa.selenium.remote.ProtocolHandshake createSession
INFO: Detected dialect: OSS
</system-err>
  </testcase>
  <testcase classname="Google Searching" name="Simple Google Search" time="14.063">
    <skipped/>
    <system-out>
  Background:                                 # src/test/java/cucumberqk/featurefiles/googlesearch.feature:3
    Given a web browser is on the Google page # GoogleSteps.a_web_browser_is_on_the_Google_page()

  Scenario Outline: Simple Google Search             # src/test/java/cucumberqk/featurefiles/googlesearch.feature:25
search parameter=qualityKiosk
    When the search phrase &quot;qualityKiosk&quot; is entered # GoogleSteps.the_search_phrase_is_entered(String)
    Then result for &quot;qualityKiosk&quot; are shown         # null
</system-out>
    <system-err>Starting ChromeDriver 73.0.3683.68 (47787ec04b6e38e22703e856e101e840b65afe72) on port 36406
Only local connections are allowed.
Please protect ports used by ChromeDriver and related test frameworks to prevent access by malicious code.
Feb 01, 2020 4:09:43 PM org.openqa.selenium.remote.ProtocolHandshake createSession
INFO: Detected dialect: OSS
</system-err>
  </testcase>
  <testcase classname="Google Searching" name="Simple Google Search" time="13.318">
    <skipped/>
    <system-out>
  Background:                                 # src/test/java/cucumberqk/featurefiles/googlesearch.feature:3
    Given a web browser is on the Google page # GoogleSteps.a_web_browser_is_on_the_Google_page()

  Scenario Outline: Simple Google Search         # src/test/java/cucumberqk/featurefiles/googlesearch.feature:26
search parameter=cucumber
    When the search phrase &quot;cucumber&quot; is entered # GoogleSteps.the_search_phrase_is_entered(String)
    Then result for &quot;cucumber&quot; are shown         # null
</system-out>
    <system-err>Starting ChromeDriver 73.0.3683.68 (47787ec04b6e38e22703e856e101e840b65afe72) on port 37484
Only local connections are allowed.
Please protect ports used by ChromeDriver and related test frameworks to prevent access by malicious code.
Feb 01, 2020 4:09:55 PM org.openqa.selenium.remote.ProtocolHandshake createSession
INFO: Detected dialect: OSS
</system-err>
  </testcase>
</testsuite>